make.exe all --print-data-base --no-builtin-variables --no-builtin-rules --question
make: *** No rule to make target 'all'.  Stop.

# GNU Make 4.3
# Built for Windows32
# Copyright (C) 1988-2020 Free Software Foundation, Inc.
# License GPLv3+: GNU GPL version 3 or later <http://gnu.org/licenses/gpl.html>
# This is free software: you are free to change and redistribute it.
# There is NO WARRANTY, to the extent permitted by law.

# Make data base, printed on Tue Oct 04 18:20:26 2022

# Variables

# environment
FPS_BROWSER_APP_PROFILE_STRING = Internet Explorer
# environment
SYSTEMDRIVE = C:
# environment
LC_ALL = C
# environment
USERPROFILE = C:\Users\eduar
# environment
VBOX_MSI_INSTALL_PATH = C:\Program Files\Oracle\VirtualBox\
# environment
TMPDIR = C:\Users\eduar\AppData\Local\Temp
# environment
LOCALAPPDATA = C:\Users\eduar\AppData\Local
# environment
VSCODE_CWD = D:\Dudu\CCO\CultivarIoT\CultivarIoT_MiniMVP
# environment
MINGW_PREFIX = C:/Program Files/Git/mingw64
# environment
CHOCOLATEYINSTALL = C:\ProgramData\chocolatey
# environment
SYSTEMROOT = C:\Windows
# environment
PROCESSOR_LEVEL = 6
# environment
PSMODULEPATH = C:\Program Files\WindowsPowerShell\Modules;C:\Windows\system32\WindowsPowerShell\v1.0\Modules
# default
MAKE_COMMAND := C:/ProgramData/chocolatey/lib/make/tools/install/bin/make.exe
# automatic
@D = $(patsubst %/,%,$(patsubst %\,%,$(dir $@)))
# environment
ACLOCAL_PATH = C:\Program Files\Git\mingw64\share\aclocal;C:\Program Files\Git\usr\share\aclocal
# environment
CHROME_CRASHPAD_PIPE_NAME = \\.\pipe\crashpad_13412_YMGIHCCGNDVNSSCF
# environment
ORIGINAL_TEMP = C:/Users/eduar/AppData/Local/Temp
# environment
FPS_BROWSER_USER_PROFILE_STRING = Default
# environment
VSCODE_HANDLES_UNCAUGHT_ERRORS = true
# default
.VARIABLES := 
# environment
PWD = D:/Dudu/CCO/CultivarIoT/CultivarIoT_MiniMVP
# automatic
%D = $(patsubst %/,%,$(patsubst %\,%,$(dir $%)))
# environment
HOSTNAME = DESKTOP-LPEG67N
# automatic
^D = $(patsubst %/,%,$(patsubst %\,%,$(dir $^)))
# automatic
%F = $(notdir $%)
# environment
VSCODE_CODE_CACHE_PATH = C:\Users\eduar\AppData\Roaming\Code\CachedData\74b1f979648cc44d385a2286793c226e611f59e7
# environment
SSH_ASKPASS = C:/Program Files/Git/mingw64/bin/git-askpass.exe
# environment
LANG = C
# default
.LOADED := 
# environment
TMP = C:\Users\eduar\AppData\Local\Temp
# default
.INCLUDE_DIRS = .
# environment
PROCESSOR_ARCHITEW6432 = AMD64
# makefile
MAKEFLAGS = pqrR
# environment
PKG_CONFIG_PATH = C:\Program Files\Git\mingw64\lib\pkgconfig;C:\Program Files\Git\mingw64\share\pkgconfig
# environment
ONEDRIVE = C:\Users\eduar\OneDrive
# environment
OPENMODELICAHOME = C:\Program Files\OpenModelica1.18.1-64bit\
# makefile
CURDIR := d:/Dudu/CCO/CultivarIoT/CultivarIoT_MiniMVP
# environment
MSYSTEM_CARCH = x86_64
# environment
APPLICATION_INSIGHTS_NO_DIAGNOSTIC_CHANNEL = 1
# automatic
*D = $(patsubst %/,%,$(patsubst %\,%,$(dir $*)))
# environment
PROGRAMFILES = C:\Program Files (x86)
# environment
MFLAGS = -pqrR
# default
.SHELLFLAGS := -c
# environment
COMMONPROGRAMW6432 = C:\Program Files\Common Files
# automatic
+D = $(patsubst %/,%,$(patsubst %\,%,$(dir $+)))
# makefile
MAKEFILE_LIST := 
# automatic
@F = $(notdir $@)
# environment
VSCODE_PID = 13412
# automatic
?D = $(patsubst %/,%,$(patsubst %\,%,$(dir $?)))
# environment
MINGW_CHOST = x86_64-w64-mingw32
# automatic
*F = $(notdir $*)
# environment
MANPATH = C:\Program Files\Git\mingw64\local\man;C:\Program Files\Git\mingw64\share\man;C:\Program Files\Git\usr\local\man;C:\Program Files\Git\usr\share\man;C:\Program Files\Git\usr\man;C:\Program Files\Git\share\man
# automatic
<D = $(patsubst %/,%,$(patsubst %\,%,$(dir $<)))
# environment
VSCODE_NLS_CONFIG = {"locale":"pt-br","availableLanguages":{},"_languagePackSupport":true}
# environment
ONEDRIVECONSUMER = C:\Users\eduar\OneDrive
# default
MAKE_HOST := Windows32
# environment
PROGRAMDATA = C:\ProgramData
# environment
INFOPATH = C:\Program Files\Git\usr\local\info;C:\Program Files\Git\usr\share\info;C:\Program Files\Git\usr\info;C:\Program Files\Git\share\info
# makefile
SHELL = C:/Program Files/Git/usr/bin/sh.exe
# environment
ORIGINAL_PATH = C:\Program Files\Git\mingw64\bin;C:\Program Files\Git\usr\bin;C:\Users\eduar\bin;C:\Program Files\Common Files\Oracle\Java\javapath;C:\Program Files\Rockwell Software\RSCommon;C:\ProgramData\Oracle\Java\javapath;C:\Windows\system32;C:\Windows;C:\Windows\System32\Wbem;C:\Windows\System32\WindowsPowerShell\v1.0;C:\Windows\System32\OpenSSH;C:\Program Files (x86)\NVIDIA Corporation\PhysX\Common;C:\Program Files\NVIDIA Corporation\NVIDIA NvDLISR;C:\Program Files\Git\cmd;C:\Program Files\nodejs;C:\ProgramData\chocolatey\bin;C:\Program Files\Docker\Docker\resources\bin;C:\ProgramData\DockerDesktop\version-bin;C:\Users\eduar\AppData\Local\Microsoft\WindowsApps;C:\Users\eduar\AppData\Local\Programs\Microsoft VS Code\bin;C:\Users\eduar\AppData\Roaming\npm;C:\Program Files\swipl\bin
# environment
HOMEPATH = \Users\eduar
# default
MAKECMDGOALS := all
# environment
SHLVL = 2
# environment
DRIVERDATA = C:\Windows\System32\Drivers\DriverData
# environment
COMSPEC = C:\Windows\system32\cmd.exe
# environment
WINDIR = C:\Windows
# environment
MAKELEVEL := 0
# default
MAKE = $(MAKE_COMMAND)
# environment
PATH = C:\Users\eduar\bin;C:\Program Files\Git\mingw64\bin;C:\Program Files\Git\usr\local\bin;C:\Program Files\Git\usr\bin;C:\Program Files\Git\usr\bin;C:\Program Files\Git\mingw64\bin;C:\Program Files\Git\usr\bin;C:\Users\eduar\bin;C:\Program Files\Common Files\Oracle\Java\javapath;C:\Program Files\Rockwell Software\RSCommon;C:\ProgramData\Oracle\Java\javapath;C:\Windows\system32;C:\Windows;C:\Windows\System32\Wbem;C:\Windows\System32\WindowsPowerShell\v1.0;C:\Windows\System32\OpenSSH;C:\Program Files (x86)\NVIDIA Corporation\PhysX\Common;C:\Program Files\NVIDIA Corporation\NVIDIA NvDLISR;C:\Program Files\Git\cmd;C:\Program Files\nodejs;C:\ProgramData\chocolatey\bin;C:\Program Files\Docker\Docker\resources\bin;C:\ProgramData\DockerDesktop\version-bin;C:\Users\eduar\AppData\Local\Microsoft\WindowsApps;C:\Users\eduar\AppData\Local\Programs\Microsoft VS Code\bin;C:\Users\eduar\AppData\Roaming\npm;C:\Program Files\swipl\bin;C:\Program Files\Git\usr\bin\vendor_perl;C:\Program Files\Git\usr\bin\core_perl
# environment
COMPUTERNAME = DESKTOP-LPEG67N
# default
MAKEFILES := 
# automatic
^F = $(notdir $^)
# environment
MINGW_PACKAGE_PREFIX = mingw-w64-x86_64
# environment
PROMPT = $P$G
# environment
CHOCOLATEYLASTPATHUPDATE = 132953994636421953
# environment
LOGONSERVER = \\DESKTOP-LPEG67N
# environment
USERNAME = eduar
# environment
TERM_PROGRAM = mintty
# environment
COMMONPROGRAMFILES = C:\Program Files (x86)\Common Files
# automatic
?F = $(notdir $?)
# environment
PROGRAMW6432 = C:\Program Files
# environment
MSYSTEM_CHOST = x86_64-w64-mingw32
# environment
PATHEXT = .COM;.EXE;.BAT;.CMD;.VBS;.VBE;.JS;.JSE;.WSF;.WSH;.MSC
# automatic
+F = $(notdir $+)
# environment
CONFIG_SITE = C:/Program Files/Git/etc/config.site
# environment
ORIGINAL_XDG_CURRENT_DESKTOP = undefined
# environment
USERDOMAIN = DESKTOP-LPEG67N
# 'override' directive
GNUMAKEFLAGS := 
# environment
OS = Windows_NT
# environment
MSYSTEM_PREFIX = C:/Program Files/Git/mingw64
# makefile
.DEFAULT_GOAL := 
# environment
DISPLAY = needs-to-be-defined
# default
MAKE_VERSION := 4.3
# environment
PROGRAMFILES(X86) = C:\Program Files (x86)
# environment
USERDOMAIN_ROAMINGPROFILE = DESKTOP-LPEG67N
# environment
NUMBER_OF_PROCESSORS = 4
# environment
PUBLIC = C:\Users\Public
# environment
_ = C:/Users/eduar/AppData/Local/Programs/Microsoft VS Code/Code.exe
# en 
vironment
APPDATA = C:\Users\eduar\AppData\Roaming
# environment
HOMEDRIVE = C:
# environment
LC_CTYPE = pt_BR.UTF-8
# environment
PROCESSOR_ARCHITECTURE = x86
# environment
VSCODE_AMD_ENTRYPOINT = vs/workbench/api/node/extensionHostProcess
# environment
MSYSTEM = MINGW64
# environment
HOME = C:\Users\eduar
# environment
COMMONPROGRAMFILES(X86) = C:\Program Files (x86)\Common Files
# environment
EXEPATH = C:\Program Files\Git
# environment
ELECTRON_RUN_AS_NODE = 1
# environment
TEMP = C:\Users\eduar\AppData\Local\Temp
# environment
TERM = xterm
# environment
VSCODE_IPC_HOOK = \\.\pipe\8ac32c891479da63a4dbcd890ee50b90-1.71.2-main-sock
# default
.RECIPEPREFIX := 
# environment
ORIGINAL_TMP = C:/Users/eduar/AppData/Local/Temp
# automatic
<F = $(notdir $<)
# environment
PLINK_PROTOCOL = ssh
# default
SUFFIXES := 
# environment
ALLUSERSPROFILE = C:\ProgramData
# environment
SESSIONNAME = Console
# environment
VSCODE_CLI = 1
# environment
ELECTRON_NO_ATTACH_CONSOLE = 1
# default
.FEATURES := target-specific order-only second-expansion else-if shortest-stem undefine oneshell nocomment grouped-target extra-prereqs archives jobserver output-sync load
# environment
PROCESSOR_REVISION = 9e09
# environment
TERM_PROGRAM_VERSION = 3.6.0
# environment
PROCESSOR_IDENTIFIER = Intel64 Family 6 Model 158 Stepping 9, GenuineIntel
# variable set hash-table stats:
# Load=125/1024=12%, Rehash=0, Collisions=13/149=9%

# Pattern-specific Variable Values

# No pattern-specific variable values.

# Directories

# . (key d:/Dudu/CCO/CultivarIoT/CultivarIoT_MiniMVP, mtime 1661890771): 7 files, no impossibilities.

# 7 files, no impossibilities in 1 directories.

# Implicit Rules

# No implicit rules.

# Files

# Not a target:
Makefile:
#  Implicit rule search has been done.
#  File does not exist.
#  File has been updated.
#  Failed to be updated.

# Not a target:
.DEFAULT:
#  Implicit rule search has not been done.
#  Modification time never checked.
#  File has not been updated.

# Not a target:
all:
#  Command line target.
#  Implicit rule search has been done.
#  File does not exist.
#  File has not been updated.

# Not a target:
makefile:
#  Implicit rule search has been done.
#  File does not exist.
#  File has been updated.
#  Failed to be updated.

# Not a target:
makefile.mak:
#  Implicit rule search has been done.
#  File does not exist.
#  File has been updated.
#  Failed to be updated.

# Not a target:
GNUmakefile:
#  Implicit rule search has been done.
#  File does not exist.
#  File has been updated.
#  Failed to be updated.

# fi 
les hash-table stats:
# Load=7/1024=1%, Rehash=0, Collisions=0/16=0%
# VPATH Search Paths

# No 'vpath' search paths.

# No general ('VPATH' variable) search path.

# strcache buffers: 1 (0) / strings = 14 / storage = 120 B / avg = 8 B
# current buf: size = 8174 B / used = 120 B / count = 14 / avg = 8 B

# strcache performance: lookups = 17 / hit rate = 17%
# hash-table stats:
# Load=14/8192=0%, Rehash=0, Collisions=0/17=0%
# Finished Make data base on Tue Oct 04 18:20:26 2022

 
